0 verbose cli C:\Program Files\nodejs\node.exe C:\Users\LUBS\AppData\Roaming\npm\node_modules\npm\bin\npm-cli.js
1 info using npm@11.0.0
2 info using node@v22.13.1
3 silly config load:file:C:\Users\LUBS\AppData\Roaming\npm\node_modules\npm\npmrc
4 silly config load:file:C:\Users\LUBS\Desktop\Vido\vido\.npmrc
5 silly config load:file:C:\Users\LUBS\.npmrc
6 silly config load:file:C:\Users\LUBS\AppData\Roaming\npm\etc\npmrc
7 verbose title npm exec shadcn@latest add button
8 verbose argv "exec" "--" "shadcn@latest" "add" "button"
9 verbose logfile logs-max:10 dir:C:\Users\LUBS\Desktop\Vido\vido\npm-cache\_logs\2025-01-24T09_26_11_891Z-
10 verbose logfile C:\Users\LUBS\Desktop\Vido\vido\npm-cache\_logs\2025-01-24T09_26_11_891Z-debug-0.log
11 silly logfile done cleaning log files
12 silly packumentCache heap:4345298944 maxSize:1086324736 maxEntrySize:543162368
13 http fetch GET 200 https://registry.npmjs.org/shadcn 1954ms (cache updated)
14 silly packumentCache heap:4345298944 maxSize:1086324736 maxEntrySize:543162368
15 silly packumentCache heap:4345298944 maxSize:1086324736 maxEntrySize:543162368
16 verbose cwd C:\Users\LUBS\Desktop\Vido\vido
17 verbose os Windows_NT 10.0.19045
18 verbose node v22.13.1
19 verbose npm  v11.0.0
20 verbose exit 0
21 info ok
